<?xml version="1.0" encoding="UTF-8"?>
<!-- Generated by org.testng.reporters.JUnitXMLReporter -->
<testsuite hostname="DESKTOP-8S13367" ignored="0" name="Default test" tests="3" failures="0" timestamp="17 Jun 2018 16:10:15 GMT" time="55.689" errors="0">
  <testcase name="loginPageTitleTest" time="0.083" classname="com.crm.qa.testcases.LoginPageTest"/>
  <testcase name="crmLOgoImageTest" time="0.146" classname="com.crm.qa.testcases.LoginPageTest"/>
  <testcase name="loginTest" time="11.795" classname="com.crm.qa.testcases.LoginPageTest"/>
</testsuite> <!-- Default test -->
